41860 execve("/bin/sh", ["/bin/sh"], 0x7fffffffe378 /* 24 vars */) = 0
41860 brk(NULL)                         = 0x555555577000
41860 mmap(NULL, 8192, PROT_READ|PROT_WRITE, MAP_PRIVATE|MAP_ANONYMOUS, -1, 0) = 0x7ffff7fbd000
41860 access("/etc/ld.so.preload", R_OK) = -1 ENOENT (No such file or directory)
41860 openat(AT_FDCWD, "/etc/ld.so.cache", O_RDONLY|O_CLOEXEC) = 3
41860 fstat(3, {st_mode=S_IFREG|0644, st_size=23879, ...}) = 0
41860 mmap(NULL, 23879, PROT_READ, MAP_PRIVATE, 3, 0) = 0x7ffff7fb7000
41860 close(3)                          = 0
41860 openat(AT_FDCWD, "/lib/x86_64-linux-gnu/libc.so.6", O_RDONLY|O_CLOEXEC) = 3
41860 read(3, "\177ELF\2\1\1\3\0\0\0\0\0\0\0\0\3\0>\0\1\0\0\0\220\243\2\0\0\0\0\0"..., 832) = 832
41860 pread64(3, "\6\0\0\0\4\0\0\0@\0\0\0\0\0\0\0@\0\0\0\0\0\0\0@\0\0\0\0\0\0\0"..., 784, 64) = 784
41860 fstat(3, {st_mode=S_IFREG|0755, st_size=2125328, ...}) = 0
41860 pread64(3, "\6\0\0\0\4\0\0\0@\0\0\0\0\0\0\0@\0\0\0\0\0\0\0@\0\0\0\0\0\0\0"..., 784, 64) = 784
41860 mmap(NULL, 2170256, PROT_READ, MAP_PRIVATE|MAP_DENYWRITE, 3, 0) = 0x7ffff7c00000
41860 mmap(0x7ffff7c28000, 1605632, PROT_READ|PROT_EXEC, MAP_PRIVATE|MAP_FIXED|MAP_DENYWRITE, 3, 0x28000) = 0x7ffff7c28000
41860 mmap(0x7ffff7db0000, 323584, PROT_READ, MAP_PRIVATE|MAP_FIXED|MAP_DENYWRITE, 3, 0x1b0000) = 0x7ffff7db0000
41860 mmap(0x7ffff7dff000, 24576, PROT_READ|PROT_WRITE, MAP_PRIVATE|MAP_FIXED|MAP_DENYWRITE, 3, 0x1fe000) = 0x7ffff7dff000
41860 mmap(0x7ffff7e05000, 52624, PROT_READ|PROT_WRITE, MAP_PRIVATE|MAP_FIXED|MAP_ANONYMOUS, -1, 0) = 0x7ffff7e05000
41860 close(3)                          = 0
41860 mmap(NULL, 12288, PROT_READ|PROT_WRITE, MAP_PRIVATE|MAP_ANONYMOUS, -1, 0) = 0x7ffff7fb4000
41860 arch_prctl(ARCH_SET_FS, 0x7ffff7fb4740) = 0
41860 set_tid_address(0x7ffff7fb4a10)   = 41860
41860 set_robust_list(0x7ffff7fb4a20, 24) = 0
41860 rseq(0x7ffff7fb5060, 0x20, 0, 0x53053053) = 0
41860 mprotect(0x7ffff7dff000, 16384, PROT_READ) = 0
41860 mprotect(0x555555572000, 8192, PROT_READ) = 0
41860 mprotect(0x7ffff7ffb000, 8192, PROT_READ) = 0
41860 prlimit64(0, RLIMIT_STACK, NULL, {rlim_cur=8192*1024, rlim_max=RLIM64_INFINITY}) = 0
41860 munmap(0x7ffff7fb7000, 23879)     = 0
41860 getuid()                          = 1000
41860 getgid()                          = 1000
41860 getpid()                          = 41860
41860 rt_sigaction(SIGCHLD, {sa_handler=0x555555567cd0, sa_mask=~[RTMIN RT_1], sa_flags=SA_RESTORER, sa_restorer=0x7ffff7c45320}, NULL, 8) = 0
41860 geteuid()                         = 1000
41860 getrandom("\x9f\x44\x09\x2d\xdd\x48\x65\xb6", 8, GRND_NONBLOCK) = 8
41860 brk(NULL)                         = 0x555555577000
41860 brk(0x555555598000)               = 0x555555598000
41860 getppid()                         = 41857
41860 newfstatat(AT_FDCWD, "/home/ubuntu/CIS5370_Computer_Security/process", {st_mode=S_IFDIR|0775, st_size=4096, ...}, 0) = 0
41860 newfstatat(AT_FDCWD, ".", {st_mode=S_IFDIR|0775, st_size=4096, ...}, 0) = 0
41860 ioctl(0, TCGETS, {c_iflag=ICRNL|IXON, c_oflag=NL0|CR0|TAB0|BS0|VT0|FF0|OPOST|ONLCR, c_cflag=B38400|CS8|CREAD, c_lflag=ISIG|ICANON|ECHO|ECHOE|ECHOK|IEXTEN|ECHOCTL|ECHOKE, ...}) = 0
41860 ioctl(1, TCGETS, {c_iflag=ICRNL|IXON, c_oflag=NL0|CR0|TAB0|BS0|VT0|FF0|OPOST|ONLCR, c_cflag=B38400|CS8|CREAD, c_lflag=ISIG|ICANON|ECHO|ECHOE|ECHOK|IEXTEN|ECHOCTL|ECHOKE, ...}) = 0
41860 geteuid()                         = 1000
41860 getegid()                         = 1000
41860 rt_sigaction(SIGINT, NULL, {sa_handler=SIG_DFL, sa_mask=[], sa_flags=0}, 8) = 0
41860 rt_sigaction(SIGINT, {sa_handler=0x555555567cd0, sa_mask=~[RTMIN RT_1], sa_flags=SA_RESTORER, sa_restorer=0x7ffff7c45320}, NULL, 8) = 0
41860 rt_sigaction(SIGQUIT, NULL, {sa_handler=SIG_DFL, sa_mask=[], sa_flags=0}, 8) = 0
41860 rt_sigaction(SIGQUIT, {sa_handler=SIG_IGN, sa_mask=~[RTMIN RT_1], sa_flags=SA_RESTORER, sa_restorer=0x7ffff7c45320}, NULL, 8) = 0
41860 rt_sigaction(SIGTERM, NULL, {sa_handler=SIG_DFL, sa_mask=[], sa_flags=0}, 8) = 0
41860 rt_sigaction(SIGTERM, {sa_handler=SIG_IGN, sa_mask=~[RTMIN RT_1], sa_flags=SA_RESTORER, sa_restorer=0x7ffff7c45320}, NULL, 8) = 0
41860 openat(AT_FDCWD, "/dev/tty", O_RDWR) = 3
41860 fcntl(3, F_DUPFD, 10)             = 10
41860 close(3)                          = 0
41860 fcntl(10, F_SETFD, FD_CLOEXEC)    = 0
41860 ioctl(10, TIOCGPGRP, [41857])     = 0
41860 getpgrp()                         = 41857
41860 rt_sigaction(SIGTSTP, NULL, {sa_handler=SIG_DFL, sa_mask=[], sa_flags=0}, 8) = 0
41860 rt_sigaction(SIGTSTP, {sa_handler=SIG_IGN, sa_mask=~[RTMIN RT_1], sa_flags=SA_RESTORER, sa_restorer=0x7ffff7c45320}, NULL, 8) = 0
41860 rt_sigaction(SIGTTOU, NULL, {sa_handler=SIG_DFL, sa_mask=[], sa_flags=0}, 8) = 0
41860 rt_sigaction(SIGTTOU, {sa_handler=SIG_IGN, sa_mask=~[RTMIN RT_1], sa_flags=SA_RESTORER, sa_restorer=0x7ffff7c45320}, NULL, 8) = 0
41860 rt_sigaction(SIGTTIN, NULL, {sa_handler=SIG_DFL, sa_mask=[], sa_flags=0}, 8) = 0
41860 rt_sigaction(SIGTTIN, {sa_handler=SIG_DFL, sa_mask=~[RTMIN RT_1], sa_flags=SA_RESTORER, sa_restorer=0x7ffff7c45320}, NULL, 8) = 0
41860 setpgid(0, 41860)                 = 0
41860 rt_sigprocmask(SIG_SETMASK, ~[RTMIN RT_1], NULL, 8) = 0
41860 ioctl(10, TIOCSPGRP, [41860])     = 0
41860 rt_sigprocmask(SIG_SETMASK, [], ~[KILL STOP RTMIN RT_1], 8) = 0
41860 write(2, "$ ", 2)                 = 2
41860 read(0, "./a.out\n", 8192)        = 8
41860 rt_sigprocmask(SIG_SETMASK, ~[RTMIN RT_1], NULL, 8) = 0
41860 vfork( <unfinished ...>
41861 getpid()                          = 41861
41861 setpgid(0, 41861)                 = 0
41861 rt_sigprocmask(SIG_SETMASK, ~[RTMIN RT_1], NULL, 8) = 0
41861 ioctl(10, TIOCSPGRP, [41861])     = 0
41861 rt_sigprocmask(SIG_SETMASK, [], ~[KILL STOP RTMIN RT_1], 8) = 0
41861 rt_sigaction(SIGTSTP, {sa_handler=SIG_DFL, sa_mask=~[RTMIN RT_1], sa_flags=SA_RESTORER, sa_restorer=0x7ffff7c45320}, NULL, 8) = 0
41861 rt_sigaction(SIGTTOU, {sa_handler=SIG_DFL, sa_mask=~[RTMIN RT_1], sa_flags=SA_RESTORER, sa_restorer=0x7ffff7c45320}, NULL, 8) = 0
41861 rt_sigaction(SIGINT, {sa_handler=SIG_DFL, sa_mask=~[RTMIN RT_1], sa_flags=SA_RESTORER, sa_restorer=0x7ffff7c45320}, NULL, 8) = 0
41861 rt_sigaction(SIGQUIT, {sa_handler=SIG_DFL, sa_mask=~[RTMIN RT_1], sa_flags=SA_RESTORER, sa_restorer=0x7ffff7c45320}, NULL, 8) = 0
41861 rt_sigaction(SIGTERM, {sa_handler=SIG_DFL, sa_mask=~[RTMIN RT_1], sa_flags=SA_RESTORER, sa_restorer=0x7ffff7c45320}, NULL, 8) = 0
41861 rt_sigprocmask(SIG_SETMASK, [], [], 8) = 0
41861 execve("./a.out", ["./a.out"], 0x555555574520 /* 24 vars */) = 0
41861 write(1, "\33[01;31mHello, OS World\33[0m\n", 28 <unfinished ...>
41860 <... vfork resumed>)              = 41861
41861 <... write resumed>)              = 28
41860 rt_sigprocmask(SIG_SETMASK, [],  <unfinished ...>
41861 exit(1 <unfinished ...>
41860 <... rt_sigprocmask resumed>~[KILL STOP RTMIN RT_1], 8) = 0
41861 <... exit resumed>)               = ?
41860 setpgid(41861, 41861 <unfinished ...>
41861 +++ exited with 1 +++
41860 <... setpgid resumed>)            = -1 EACCES (Permission denied)
41860 --- SIGCHLD {si_signo=SIGCHLD, si_code=CLD_EXITED, si_pid=41861, si_uid=1000, si_status=1, si_utime=0, si_stime=0} ---
41860 rt_sigreturn({mask=[]})           = -1 EACCES (Permission denied)
41860 wait4(-1, [{WIFEXITED(s) && WEXITSTATUS(s) == 1}], WSTOPPED, NULL) = 41861
41860 wait4(-1, 0x7fffffffddcc, WNOHANG|WSTOPPED, NULL) = -1 ECHILD (No child processes)
41860 rt_sigprocmask(SIG_SETMASK, ~[RTMIN RT_1], NULL, 8) = 0
41860 ioctl(10, TIOCSPGRP, [41860])     = 0
41860 rt_sigprocmask(SIG_SETMASK, [], ~[KILL STOP RTMIN RT_1], 8) = 0
41860 write(2, "$ ", 2)                 = 2
41860 read(0, 0x555555574ac0, 8192)     = ? ERESTARTSYS (To be restarted if SA_RESTART is set)
41860 --- SIGWINCH {si_signo=SIGWINCH, si_code=SI_KERNEL} ---
41860 read(0, 0x555555574ac0, 8192)     = ? ERESTARTSYS (To be restarted if SA_RESTART is set)
41860 --- SIGWINCH {si_signo=SIGWINCH, si_code=SI_KERNEL} ---
41860 read(0, 0x555555574ac0, 8192)     = ? ERESTARTSYS (To be restarted if SA_RESTART is set)
41860 --- SIGWINCH {si_signo=SIGWINCH, si_code=SI_KERNEL} ---
41860 read(0, 0x555555574ac0, 8192)     = ? ERESTARTSYS (To be restarted if SA_RESTART is set)
41860 --- SIGWINCH {si_signo=SIGWINCH, si_code=SI_KERNEL} ---
41860 read(0, 0x555555574ac0, 8192)     = ? ERESTARTSYS (To be restarted if SA_RESTART is set)
41860 --- SIGWINCH {si_signo=SIGWINCH, si_code=SI_KERNEL} ---
41860 read(0, 0x555555574ac0, 8192)     = ? ERESTARTSYS (To be restarted if SA_RESTART is set)
41860 --- SIGWINCH {si_signo=SIGWINCH, si_code=SI_KERNEL} ---
41860 read(0, 0x555555574ac0, 8192)     = ? ERESTARTSYS (To be restarted if SA_RESTART is set)
41860 --- SIGWINCH {si_signo=SIGWINCH, si_code=SI_KERNEL} ---
41860 read(0, "./a.out\n", 8192)        = 8
41860 rt_sigprocmask(SIG_SETMASK, ~[RTMIN RT_1], NULL, 8) = 0
41860 vfork( <unfinished ...>
41869 getpid()                          = 41869
41869 setpgid(0, 41869)                 = 0
41869 rt_sigprocmask(SIG_SETMASK, ~[RTMIN RT_1], NULL, 8) = 0
41869 ioctl(10, TIOCSPGRP, [41869])     = 0
41869 rt_sigprocmask(SIG_SETMASK, [], ~[KILL STOP RTMIN RT_1], 8) = 0
41869 rt_sigaction(SIGTSTP, {sa_handler=SIG_DFL, sa_mask=~[RTMIN RT_1], sa_flags=SA_RESTORER, sa_restorer=0x7ffff7c45320}, NULL, 8) = 0
41869 rt_sigaction(SIGTTOU, {sa_handler=SIG_DFL, sa_mask=~[RTMIN RT_1], sa_flags=SA_RESTORER, sa_restorer=0x7ffff7c45320}, NULL, 8) = 0
41869 rt_sigaction(SIGINT, {sa_handler=SIG_DFL, sa_mask=~[RTMIN RT_1], sa_flags=SA_RESTORER, sa_restorer=0x7ffff7c45320}, NULL, 8) = 0
41869 rt_sigaction(SIGQUIT, {sa_handler=SIG_DFL, sa_mask=~[RTMIN RT_1], sa_flags=SA_RESTORER, sa_restorer=0x7ffff7c45320}, NULL, 8) = 0
41869 rt_sigaction(SIGTERM, {sa_handler=SIG_DFL, sa_mask=~[RTMIN RT_1], sa_flags=SA_RESTORER, sa_restorer=0x7ffff7c45320}, NULL, 8) = 0
41869 rt_sigprocmask(SIG_SETMASK, [], [], 8) = 0
41869 execve("./a.out", ["./a.out"], 0x555555574520 /* 24 vars */ <unfinished ...>
41860 <... vfork resumed>)              = 41869
41860 rt_sigprocmask(SIG_SETMASK, [], ~[KILL STOP RTMIN RT_1], 8) = 0
41860 setpgid(41869, 41869)             = -1 EACCES (Permission denied)
41869 <... execve resumed>)             = 0
41860 wait4(-1,  <unfinished ...>
41869 write(1, "\33[01;31mHello, OS World\33[0m\n", 28) = 28
41869 exit(1)                           = ?
41869 +++ exited with 1 +++
41860 <... wait4 resumed>[{WIFEXITED(s) && WEXITSTATUS(s) == 1}], WSTOPPED, NULL) = 41869
41860 --- SIGCHLD {si_signo=SIGCHLD, si_code=CLD_EXITED, si_pid=41869, si_uid=1000, si_status=1, si_utime=0, si_stime=0} ---
41860 rt_sigreturn({mask=[]})           = 41869
41860 wait4(-1, 0x7fffffffddcc, WNOHANG|WSTOPPED, NULL) = -1 ECHILD (No child processes)
41860 rt_sigprocmask(SIG_SETMASK, ~[RTMIN RT_1], NULL, 8) = 0
41860 ioctl(10, TIOCSPGRP, [41860])     = 0
41860 rt_sigprocmask(SIG_SETMASK, [], ~[KILL STOP RTMIN RT_1], 8) = 0
41860 write(2, "$ ", 2)                 = 2
41860 read(0, 0x555555574ac0, 8192)     = ? ERESTARTSYS (To be restarted if SA_RESTART is set)
41860 --- SIGWINCH {si_signo=SIGWINCH, si_code=SI_KERNEL} ---
41860 read(0, 0x555555574ac0, 8192)     = ? ERESTARTSYS (To be restarted if SA_RESTART is set)
41860 --- SIGWINCH {si_signo=SIGWINCH, si_code=SI_KERNEL} ---
41860 read(0, 0x555555574ac0, 8192)     = ? ERESTARTSYS (To be restarted if SA_RESTART is set)
41860 --- SIGINT {si_signo=SIGINT, si_code=SI_KERNEL} ---
41860 rt_sigprocmask(SIG_SETMASK, [], ~[KILL STOP RTMIN RT_1], 8) = 0
41860 write(2, "\n", 1)                 = 1
41860 write(2, "$ ", 2)                 = 2
41860 read(0, 0x555555574ac0, 8192)     = ? ERESTARTSYS (To be restarted if SA_RESTART is set)
41860 --- SIGINT {si_signo=SIGINT, si_code=SI_KERNEL} ---
41860 rt_sigprocmask(SIG_SETMASK, [], ~[KILL STOP RTMIN RT_1], 8) = 0
41860 write(2, "\n", 1)                 = 1
41860 write(2, "$ ", 2)                 = 2
41860 read(0, 0x555555574ac0, 8192)     = ? ERESTARTSYS (To be restarted if SA_RESTART is set)
41860 --- SIGINT {si_signo=SIGINT, si_code=SI_KERNEL} ---
41860 rt_sigprocmask(SIG_SETMASK, [], ~[KILL STOP RTMIN RT_1], 8) = 0
41860 write(2, "\n", 1)                 = 1
41860 write(2, "$ ", 2)                 = 2
41860 read(0, "exut\n", 8192)           = 5
41860 newfstatat(AT_FDCWD, "/usr/local/sbin/exut", 0x7fffffffde70, 0) = -1 ENOENT (No such file or directory)
41860 newfstatat(AT_FDCWD, "/usr/local/bin/exut", 0x7fffffffde70, 0) = -1 ENOENT (No such file or directory)
41860 newfstatat(AT_FDCWD, "/usr/sbin/exut", 0x7fffffffde70, 0) = -1 ENOENT (No such file or directory)
41860 newfstatat(AT_FDCWD, "/usr/bin/exut", 0x7fffffffde70, 0) = -1 ENOENT (No such file or directory)
41860 newfstatat(AT_FDCWD, "/sbin/exut", 0x7fffffffde70, 0) = -1 ENOENT (No such file or directory)
41860 newfstatat(AT_FDCWD, "/bin/exut", 0x7fffffffde70, 0) = -1 ENOENT (No such file or directory)
41860 newfstatat(AT_FDCWD, "/usr/games/exut", 0x7fffffffde70, 0) = -1 ENOENT (No such file or directory)
41860 newfstatat(AT_FDCWD, "/usr/local/games/exut", 0x7fffffffde70, 0) = -1 ENOENT (No such file or directory)
41860 newfstatat(AT_FDCWD, "/snap/bin/exut", 0x7fffffffde70, 0) = -1 ENOENT (No such file or directory)
41860 write(2, "/bin/sh: 3: ", 12)      = 12
41860 write(2, "exut: not found", 15)   = 15
41860 write(2, "\n", 1)                 = 1
41860 write(2, "$ ", 2)                 = 2
41860 read(0, "exit\n", 8192)           = 5
41860 rt_sigprocmask(SIG_SETMASK, ~[RTMIN RT_1], NULL, 8) = 0
41860 ioctl(10, TIOCSPGRP, [41857])     = 0
41860 rt_sigprocmask(SIG_SETMASK, [], ~[KILL STOP RTMIN RT_1], 8) = 0
41860 setpgid(0, 41857)                 = 0
41860 close(10)                         = 0
41860 exit_group(127)                   = ?
41860 +++ exited with 127 +++
